{"E:\\WEB-dev\\jsReact\\what-to-watch\\src\\reducer.js": {"path":"E:\\WEB-dev\\jsReact\\what-to-watch\\src\\reducer.js","statementMap":{"0":{"start":{"line":3,"column":21},"end":{"line":6,"column":1}},"1":{"start":{"line":8,"column":19},"end":{"line":11,"column":1}},"2":{"start":{"line":13,"column":20},"end":{"line":20,"column":1}},"3":{"start":{"line":14,"column":2},"end":{"line":16,"column":3}},"4":{"start":{"line":15,"column":4},"end":{"line":15,"column":22}},"5":{"start":{"line":17,"column":2},"end":{"line":19,"column":5}},"6":{"start":{"line":18,"column":4},"end":{"line":18,"column":32}},"7":{"start":{"line":22,"column":23},"end":{"line":35,"column":1}},"8":{"start":{"line":24,"column":4},"end":{"line":27,"column":6}},"9":{"start":{"line":30,"column":4},"end":{"line":33,"column":6}},"10":{"start":{"line":37,"column":16},"end":{"line":50,"column":1}},"11":{"start":{"line":38,"column":2},"end":{"line":49,"column":3}},"12":{"start":{"line":40,"column":6},"end":{"line":42,"column":9}},"13":{"start":{"line":44,"column":6},"end":{"line":46,"column":9}},"14":{"start":{"line":48,"column":6},"end":{"line":48,"column":19}}},"fnMap":{"0":{"name":"(anonymous_0)","decl":{"start":{"line":13,"column":20},"end":{"line":13,"column":21}},"loc":{"start":{"line":13,"column":31},"end":{"line":20,"column":1}},"line":13},"1":{"name":"(anonymous_1)","decl":{"start":{"line":17,"column":22},"end":{"line":17,"column":23}},"loc":{"start":{"line":17,"column":32},"end":{"line":19,"column":3}},"line":17},"2":{"name":"(anonymous_2)","decl":{"start":{"line":23,"column":18},"end":{"line":23,"column":19}},"loc":{"start":{"line":23,"column":29},"end":{"line":28,"column":3}},"line":23},"3":{"name":"(anonymous_3)","decl":{"start":{"line":29,"column":16},"end":{"line":29,"column":17}},"loc":{"start":{"line":29,"column":27},"end":{"line":34,"column":3}},"line":29},"4":{"name":"(anonymous_4)","decl":{"start":{"line":37,"column":16},"end":{"line":37,"column":17}},"loc":{"start":{"line":37,"column":50},"end":{"line":50,"column":1}},"line":37}},"branchMap":{"0":{"loc":{"start":{"line":14,"column":2},"end":{"line":16,"column":3}},"type":"if","locations":[{"start":{"line":14,"column":2},"end":{"line":16,"column":3}},{"start":{"line":14,"column":2},"end":{"line":16,"column":3}}],"line":14},"1":{"loc":{"start":{"line":37,"column":17},"end":{"line":37,"column":37}},"type":"default-arg","locations":[{"start":{"line":37,"column":25},"end":{"line":37,"column":37}}],"line":37},"2":{"loc":{"start":{"line":38,"column":2},"end":{"line":49,"column":3}},"type":"switch","locations":[{"start":{"line":39,"column":4},"end":{"line":42,"column":9}},{"start":{"line":43,"column":4},"end":{"line":46,"column":9}},{"start":{"line":47,"column":4},"end":{"line":48,"column":19}}],"line":38}},"s":{"0":3,"1":3,"2":3,"3":4,"4":2,"5":2,"6":10,"7":3,"8":1,"9":2,"10":3,"11":3,"12":1,"13":1,"14":1},"f":{"0":4,"1":10,"2":1,"3":2,"4":3},"b":{"0":[2,2],"1":[1],"2":[1,1,1]},"_coverageSchema":"43e27e138ebf9cfc5966b082cf9a028302ed4184","hash":"86c685775a7ed4d737d28386e157cfd7b6c1308d"}
,"E:\\WEB-dev\\jsReact\\what-to-watch\\src\\components\\app\\app.jsx": {"path":"E:\\WEB-dev\\jsReact\\what-to-watch\\src\\components\\app\\app.jsx","statementMap":{"0":{"start":{"line":9,"column":12},"end":{"line":131,"column":1}},"1":{"start":{"line":10,"column":2},"end":{"line":130,"column":17}},"2":{"start":{"line":133,"column":0},"end":{"line":140,"column":2}},"3":{"start":{"line":142,"column":24},"end":{"line":145,"column":2}},"4":{"start":{"line":142,"column":45},"end":{"line":145,"column":2}},"5":{"start":{"line":147,"column":27},"end":{"line":152,"column":2}},"6":{"start":{"line":147,"column":42},"end":{"line":152,"column":1}},"7":{"start":{"line":149,"column":4},"end":{"line":149,"column":51}},"8":{"start":{"line":150,"column":4},"end":{"line":150,"column":49}}},"fnMap":{"0":{"name":"(anonymous_0)","decl":{"start":{"line":9,"column":12},"end":{"line":9,"column":13}},"loc":{"start":{"line":9,"column":23},"end":{"line":131,"column":1}},"line":9},"1":{"name":"(anonymous_1)","decl":{"start":{"line":142,"column":24},"end":{"line":142,"column":25}},"loc":{"start":{"line":142,"column":45},"end":{"line":145,"column":2}},"line":142},"2":{"name":"(anonymous_2)","decl":{"start":{"line":147,"column":27},"end":{"line":147,"column":28}},"loc":{"start":{"line":147,"column":42},"end":{"line":152,"column":1}},"line":147},"3":{"name":"(anonymous_3)","decl":{"start":{"line":148,"column":15},"end":{"line":148,"column":16}},"loc":{"start":{"line":148,"column":26},"end":{"line":151,"column":3}},"line":148}},"branchMap":{},"s":{"0":2,"1":2,"2":2,"3":2,"4":0,"5":2,"6":0,"7":0,"8":0},"f":{"0":2,"1":0,"2":0,"3":0},"b":{},"_coverageSchema":"43e27e138ebf9cfc5966b082cf9a028302ed4184","hash":"b71b91a9263ce61f59dcdc829c576b09028487bc"}
,"E:\\WEB-dev\\jsReact\\what-to-watch\\src\\components\\film-card\\film-card.jsx": {"path":"E:\\WEB-dev\\jsReact\\what-to-watch\\src\\components\\film-card\\film-card.jsx","statementMap":{"0":{"start":{"line":5,"column":17},"end":{"line":28,"column":1}},"1":{"start":{"line":6,"column":43},"end":{"line":6,"column":48}},"2":{"start":{"line":7,"column":28},"end":{"line":9,"column":3}},"3":{"start":{"line":8,"column":4},"end":{"line":8,"column":31}},"4":{"start":{"line":10,"column":28},"end":{"line":12,"column":3}},"5":{"start":{"line":11,"column":4},"end":{"line":11,"column":20}},"6":{"start":{"line":13,"column":2},"end":{"line":27,"column":13}},"7":{"start":{"line":30,"column":0},"end":{"line":45,"column":2}},"8":{"start":{"line":47,"column":0},"end":{"line":51,"column":2}}},"fnMap":{"0":{"name":"(anonymous_0)","decl":{"start":{"line":5,"column":17},"end":{"line":5,"column":18}},"loc":{"start":{"line":5,"column":28},"end":{"line":28,"column":1}},"line":5},"1":{"name":"(anonymous_1)","decl":{"start":{"line":7,"column":28},"end":{"line":7,"column":29}},"loc":{"start":{"line":7,"column":34},"end":{"line":9,"column":3}},"line":7},"2":{"name":"(anonymous_2)","decl":{"start":{"line":10,"column":28},"end":{"line":10,"column":29}},"loc":{"start":{"line":10,"column":34},"end":{"line":12,"column":3}},"line":10}},"branchMap":{},"s":{"0":5,"1":17,"2":17,"3":1,"4":17,"5":0,"6":17,"7":5,"8":5},"f":{"0":17,"1":1,"2":0},"b":{},"_coverageSchema":"43e27e138ebf9cfc5966b082cf9a028302ed4184","hash":"fd62d2b5b2e295c6a6c0109dbe1d7ef26a184d47"}
,"E:\\WEB-dev\\jsReact\\what-to-watch\\src\\components\\films-list\\films-list.jsx": {"path":"E:\\WEB-dev\\jsReact\\what-to-watch\\src\\components\\films-list\\films-list.jsx","statementMap":{"0":{"start":{"line":7,"column":4},"end":{"line":7,"column":17}},"1":{"start":{"line":8,"column":4},"end":{"line":11,"column":6}},"2":{"start":{"line":12,"column":4},"end":{"line":12,"column":22}},"3":{"start":{"line":13,"column":4},"end":{"line":13,"column":55}},"4":{"start":{"line":14,"column":4},"end":{"line":14,"column":55}},"5":{"start":{"line":18,"column":44},"end":{"line":18,"column":54}},"6":{"start":{"line":19,"column":4},"end":{"line":29,"column":7}},"7":{"start":{"line":20,"column":6},"end":{"line":28,"column":9}},"8":{"start":{"line":33,"column":4},"end":{"line":35,"column":5}},"9":{"start":{"line":34,"column":6},"end":{"line":34,"column":31}},"10":{"start":{"line":36,"column":4},"end":{"line":36,"column":36}},"11":{"start":{"line":40,"column":4},"end":{"line":42,"column":32}},"12":{"start":{"line":41,"column":6},"end":{"line":41,"column":37}},"13":{"start":{"line":46,"column":0},"end":{"line":50,"column":2}}},"fnMap":{"0":{"name":"(anonymous_0)","decl":{"start":{"line":6,"column":2},"end":{"line":6,"column":3}},"loc":{"start":{"line":6,"column":21},"end":{"line":15,"column":3}},"line":6},"1":{"name":"(anonymous_1)","decl":{"start":{"line":17,"column":2},"end":{"line":17,"column":3}},"loc":{"start":{"line":17,"column":11},"end":{"line":30,"column":3}},"line":17},"2":{"name":"(anonymous_2)","decl":{"start":{"line":19,"column":21},"end":{"line":19,"column":22}},"loc":{"start":{"line":19,"column":34},"end":{"line":29,"column":5}},"line":19},"3":{"name":"(anonymous_3)","decl":{"start":{"line":32,"column":2},"end":{"line":32,"column":3}},"loc":{"start":{"line":32,"column":18},"end":{"line":37,"column":3}},"line":32},"4":{"name":"(anonymous_4)","decl":{"start":{"line":39,"column":2},"end":{"line":39,"column":3}},"loc":{"start":{"line":39,"column":19},"end":{"line":43,"column":3}},"line":39},"5":{"name":"(anonymous_5)","decl":{"start":{"line":40,"column":28},"end":{"line":40,"column":29}},"loc":{"start":{"line":40,"column":34},"end":{"line":42,"column":5}},"line":40}},"branchMap":{"0":{"loc":{"start":{"line":33,"column":4},"end":{"line":35,"column":5}},"type":"if","locations":[{"start":{"line":33,"column":4},"end":{"line":35,"column":5}},{"start":{"line":33,"column":4},"end":{"line":35,"column":5}}],"line":33}},"s":{"0":3,"1":3,"2":3,"3":3,"4":3,"5":3,"6":3,"7":15,"8":0,"9":0,"10":0,"11":0,"12":0,"13":3},"f":{"0":3,"1":3,"2":15,"3":0,"4":0,"5":0},"b":{"0":[0,0]},"_coverageSchema":"43e27e138ebf9cfc5966b082cf9a028302ed4184","hash":"70df921023c402fbfefd52297b3a6485ba338707"}
,"E:\\WEB-dev\\jsReact\\what-to-watch\\src\\components\\genre-list\\genre-list.jsx": {"path":"E:\\WEB-dev\\jsReact\\what-to-watch\\src\\components\\genre-list\\genre-list.jsx","statementMap":{"0":{"start":{"line":4,"column":18},"end":{"line":22,"column":1}},"1":{"start":{"line":5,"column":55},"end":{"line":5,"column":60}},"2":{"start":{"line":6,"column":17},"end":{"line":8,"column":4}},"3":{"start":{"line":7,"column":4},"end":{"line":7,"column":22}},"4":{"start":{"line":9,"column":20},"end":{"line":9,"column":35}},"5":{"start":{"line":10,"column":22},"end":{"line":10,"column":43}},"6":{"start":{"line":11,"column":2},"end":{"line":21,"column":4}},"7":{"start":{"line":14,"column":8},"end":{"line":18,"column":15}},"8":{"start":{"line":16,"column":12},"end":{"line":16,"column":33}},"9":{"start":{"line":24,"column":0},"end":{"line":28,"column":2}}},"fnMap":{"0":{"name":"(anonymous_0)","decl":{"start":{"line":4,"column":18},"end":{"line":4,"column":19}},"loc":{"start":{"line":4,"column":29},"end":{"line":22,"column":1}},"line":4},"1":{"name":"(anonymous_1)","decl":{"start":{"line":6,"column":63},"end":{"line":6,"column":64}},"loc":{"start":{"line":6,"column":73},"end":{"line":8,"column":3}},"line":6},"2":{"name":"(anonymous_2)","decl":{"start":{"line":13,"column":23},"end":{"line":13,"column":24}},"loc":{"start":{"line":13,"column":37},"end":{"line":19,"column":7}},"line":13},"3":{"name":"(anonymous_3)","decl":{"start":{"line":15,"column":64},"end":{"line":15,"column":65}},"loc":{"start":{"line":15,"column":70},"end":{"line":17,"column":11}},"line":15}},"branchMap":{"0":{"loc":{"start":{"line":14,"column":50},"end":{"line":14,"column":151}},"type":"cond-expr","locations":[{"start":{"line":14,"column":75},"end":{"line":14,"column":126}},{"start":{"line":14,"column":129},"end":{"line":14,"column":151}}],"line":14}},"s":{"0":3,"1":3,"2":3,"3":18,"4":3,"5":3,"6":3,"7":12,"8":0,"9":3},"f":{"0":3,"1":18,"2":12,"3":0},"b":{"0":[2,10]},"_coverageSchema":"43e27e138ebf9cfc5966b082cf9a028302ed4184","hash":"775701dc27a98d967270e82cfaf70d6e1fef16e4"}
,"E:\\WEB-dev\\jsReact\\what-to-watch\\src\\components\\video-player\\video-player.jsx": {"path":"E:\\WEB-dev\\jsReact\\what-to-watch\\src\\components\\video-player\\video-player.jsx","statementMap":{"0":{"start":{"line":6,"column":4},"end":{"line":6,"column":17}},"1":{"start":{"line":7,"column":4},"end":{"line":7,"column":39}},"2":{"start":{"line":11,"column":4},"end":{"line":15,"column":11}},"3":{"start":{"line":19,"column":18},"end":{"line":19,"column":40}},"4":{"start":{"line":20,"column":4},"end":{"line":20,"column":35}},"5":{"start":{"line":21,"column":4},"end":{"line":21,"column":37}},"6":{"start":{"line":22,"column":4},"end":{"line":22,"column":31}},"7":{"start":{"line":26,"column":18},"end":{"line":26,"column":40}},"8":{"start":{"line":27,"column":4},"end":{"line":27,"column":31}},"9":{"start":{"line":28,"column":4},"end":{"line":31,"column":5}},"10":{"start":{"line":29,"column":6},"end":{"line":29,"column":19}},"11":{"start":{"line":30,"column":6},"end":{"line":30,"column":13}},"12":{"start":{"line":32,"column":4},"end":{"line":32,"column":18}},"13":{"start":{"line":33,"column":4},"end":{"line":33,"column":17}},"14":{"start":{"line":37,"column":19},"end":{"line":37,"column":29}},"15":{"start":{"line":38,"column":18},"end":{"line":38,"column":28}},"16":{"start":{"line":39,"column":4},"end":{"line":39,"column":27}},"17":{"start":{"line":40,"column":4},"end":{"line":40,"column":56}},"18":{"start":{"line":41,"column":4},"end":{"line":41,"column":33}},"19":{"start":{"line":45,"column":0},"end":{"line":56,"column":2}},"20":{"start":{"line":58,"column":0},"end":{"line":60,"column":2}}},"fnMap":{"0":{"name":"(anonymous_0)","decl":{"start":{"line":5,"column":2},"end":{"line":5,"column":3}},"loc":{"start":{"line":5,"column":21},"end":{"line":8,"column":3}},"line":5},"1":{"name":"(anonymous_1)","decl":{"start":{"line":10,"column":2},"end":{"line":10,"column":3}},"loc":{"start":{"line":10,"column":11},"end":{"line":16,"column":3}},"line":10},"2":{"name":"(anonymous_2)","decl":{"start":{"line":18,"column":2},"end":{"line":18,"column":3}},"loc":{"start":{"line":18,"column":22},"end":{"line":23,"column":3}},"line":18},"3":{"name":"(anonymous_3)","decl":{"start":{"line":25,"column":2},"end":{"line":25,"column":3}},"loc":{"start":{"line":25,"column":23},"end":{"line":34,"column":3}},"line":25},"4":{"name":"(anonymous_4)","decl":{"start":{"line":36,"column":2},"end":{"line":36,"column":3}},"loc":{"start":{"line":36,"column":22},"end":{"line":42,"column":3}},"line":36}},"branchMap":{"0":{"loc":{"start":{"line":28,"column":4},"end":{"line":31,"column":5}},"type":"if","locations":[{"start":{"line":28,"column":4},"end":{"line":31,"column":5}},{"start":{"line":28,"column":4},"end":{"line":31,"column":5}}],"line":28}},"s":{"0":18,"1":18,"2":18,"3":18,"4":18,"5":18,"6":18,"7":0,"8":0,"9":0,"10":0,"11":0,"12":0,"13":0,"14":18,"15":18,"16":18,"17":18,"18":18,"19":6,"20":6},"f":{"0":18,"1":18,"2":18,"3":0,"4":18},"b":{"0":[0,0]},"_coverageSchema":"43e27e138ebf9cfc5966b082cf9a028302ed4184","hash":"9b1040389a72009eb537c407f19e55cf1f1cd0af"}
,"E:\\WEB-dev\\jsReact\\what-to-watch\\src\\mocks\\films.js": {"path":"E:\\WEB-dev\\jsReact\\what-to-watch\\src\\mocks\\films.js","statementMap":{"0":{"start":{"line":1,"column":14},"end":{"line":52,"column":1}}},"fnMap":{},"branchMap":{},"s":{"0":3},"f":{},"b":{},"_coverageSchema":"43e27e138ebf9cfc5966b082cf9a028302ed4184","hash":"59e39b3d57fc53571634f30f6728a056d7241084"}
}
