TN:
SF:E:\WEB-dev\jsReact\what-to-watch\src\reducer.js
FN:13,(anonymous_0)
FN:17,(anonymous_1)
FN:23,(anonymous_2)
FN:29,(anonymous_3)
FN:37,(anonymous_4)
FNF:5
FNH:5
FNDA:4,(anonymous_0)
FNDA:10,(anonymous_1)
FNDA:1,(anonymous_2)
FNDA:2,(anonymous_3)
FNDA:3,(anonymous_4)
DA:3,3
DA:8,3
DA:13,3
DA:14,4
DA:15,2
DA:17,2
DA:18,10
DA:22,3
DA:24,1
DA:30,2
DA:37,3
DA:38,3
DA:40,1
DA:44,1
DA:48,1
LF:15
LH:15
BRDA:14,0,0,2
BRDA:14,0,1,2
BRDA:37,1,0,1
BRDA:38,2,0,1
BRDA:38,2,1,1
BRDA:38,2,2,1
BRF:6
BRH:6
end_of_record
TN:
SF:E:\WEB-dev\jsReact\what-to-watch\src\components\app\app.jsx
FN:9,(anonymous_0)
FN:142,(anonymous_1)
FN:147,(anonymous_2)
FN:148,(anonymous_3)
FNF:4
FNH:1
FNDA:2,(anonymous_0)
FNDA:0,(anonymous_1)
FNDA:0,(anonymous_2)
FNDA:0,(anonymous_3)
DA:9,2
DA:10,2
DA:133,2
DA:142,2
DA:147,2
DA:149,0
DA:150,0
LF:7
LH:5
BRF:0
BRH:0
end_of_record
TN:
SF:E:\WEB-dev\jsReact\what-to-watch\src\components\film-card\film-card.jsx
FN:5,(anonymous_0)
FN:7,(anonymous_1)
FN:10,(anonymous_2)
FNF:3
FNH:2
FNDA:17,(anonymous_0)
FNDA:1,(anonymous_1)
FNDA:0,(anonymous_2)
DA:5,5
DA:6,17
DA:7,17
DA:8,1
DA:10,17
DA:11,0
DA:13,17
DA:30,5
DA:47,5
LF:9
LH:8
BRF:0
BRH:0
end_of_record
TN:
SF:E:\WEB-dev\jsReact\what-to-watch\src\components\films-list\films-list.jsx
FN:6,(anonymous_0)
FN:17,(anonymous_1)
FN:19,(anonymous_2)
FN:32,(anonymous_3)
FN:39,(anonymous_4)
FN:40,(anonymous_5)
FNF:6
FNH:3
FNDA:3,(anonymous_0)
FNDA:3,(anonymous_1)
FNDA:15,(anonymous_2)
FNDA:0,(anonymous_3)
FNDA:0,(anonymous_4)
FNDA:0,(anonymous_5)
DA:7,3
DA:8,3
DA:12,3
DA:13,3
DA:14,3
DA:18,3
DA:19,3
DA:20,15
DA:33,0
DA:34,0
DA:36,0
DA:40,0
DA:41,0
DA:46,3
LF:14
LH:9
BRDA:33,0,0,0
BRDA:33,0,1,0
BRF:2
BRH:0
end_of_record
TN:
SF:E:\WEB-dev\jsReact\what-to-watch\src\components\genre-list\genre-list.jsx
FN:4,(anonymous_0)
FN:6,(anonymous_1)
FN:13,(anonymous_2)
FN:15,(anonymous_3)
FNF:4
FNH:3
FNDA:3,(anonymous_0)
FNDA:18,(anonymous_1)
FNDA:12,(anonymous_2)
FNDA:0,(anonymous_3)
DA:4,3
DA:5,3
DA:6,3
DA:7,18
DA:9,3
DA:10,3
DA:11,3
DA:14,12
DA:16,0
DA:24,3
LF:10
LH:9
BRDA:14,0,0,2
BRDA:14,0,1,10
BRF:2
BRH:2
end_of_record
TN:
SF:E:\WEB-dev\jsReact\what-to-watch\src\components\video-player\video-player.jsx
FN:5,(anonymous_0)
FN:10,(anonymous_1)
FN:18,(anonymous_2)
FN:25,(anonymous_3)
FN:36,(anonymous_4)
FNF:5
FNH:4
FNDA:18,(anonymous_0)
FNDA:18,(anonymous_1)
FNDA:18,(anonymous_2)
FNDA:0,(anonymous_3)
FNDA:18,(anonymous_4)
DA:6,18
DA:7,18
DA:11,18
DA:19,18
DA:20,18
DA:21,18
DA:22,18
DA:26,0
DA:27,0
DA:28,0
DA:29,0
DA:30,0
DA:32,0
DA:33,0
DA:37,18
DA:38,18
DA:39,18
DA:40,18
DA:41,18
DA:45,6
DA:58,6
LF:21
LH:14
BRDA:28,0,0,0
BRDA:28,0,1,0
BRF:2
BRH:0
end_of_record
TN:
SF:E:\WEB-dev\jsReact\what-to-watch\src\mocks\films.js
FNF:0
FNH:0
DA:1,3
LF:1
LH:1
BRF:0
BRH:0
end_of_record
